Partition Merge report for calculator
Wed Apr 17 00:21:19 2019
Quartus II 64-Bit Version 13.0.1 Build 232 06/12/2013 Service Pack 1 SJ Web Edition


---------------------
; Table of Contents ;
---------------------
  1. Legal Notice
  2. Partition Merge Summary
  3. Partition Merge Netlist Types Used
  4. Connections to In-System Debugging Instance "auto_signaltap_0"
  5. Partition Merge Partition Statistics
  6. Partition Merge Resource Usage Summary
  7. Partition Merge RAM Summary
  8. Partition Merge Messages



----------------
; Legal Notice ;
----------------
Copyright (C) 1991-2013 Altera Corporation
Your use of Altera Corporation's design tools, logic functions 
and other software and tools, and its AMPP partner logic 
functions, and any output files from any of the foregoing 
(including device programming or simulation files), and any 
associated documentation or information are expressly subject 
to the terms and conditions of the Altera Program License 
Subscription Agreement, Altera MegaCore Function License 
Agreement, or other applicable license agreement, including, 
without limitation, that your use is for the sole purpose of 
programming logic devices manufactured by Altera and sold by 
Altera or its authorized distributors.  Please refer to the 
applicable agreement for further details.



+--------------------------------------------------------------------------------------+
; Partition Merge Summary                                                              ;
+------------------------------------+-------------------------------------------------+
; Partition Merge Status             ; Successful - Wed Apr 17 00:21:19 2019           ;
; Quartus II 64-Bit Version          ; 13.0.1 Build 232 06/12/2013 SP 1 SJ Web Edition ;
; Revision Name                      ; calculator                                      ;
; Top-level Entity Name              ; calculator                                      ;
; Family                             ; Cyclone II                                      ;
; Total logic elements               ; 764                                             ;
;     Total combinational functions  ; 570                                             ;
;     Dedicated logic registers      ; 460                                             ;
; Total registers                    ; 460                                             ;
; Total pins                         ; 38                                              ;
; Total virtual pins                 ; 0                                               ;
; Total memory bits                  ; 1,280                                           ;
; Embedded Multiplier 9-bit elements ; 0                                               ;
; Total PLLs                         ; 0                                               ;
+------------------------------------+-------------------------------------------------+


+-------------------------------------------------------------------------------------------------------------------------------+
; Partition Merge Netlist Types Used                                                                                            ;
+--------------------------------+----------------+-------------------+------------------------+--------------------------------+
; Partition Name                 ; Partition Type ; Netlist Type Used ; Netlist Type Requested ; Partition Contents             ;
+--------------------------------+----------------+-------------------+------------------------+--------------------------------+
; Top                            ; User-created   ; Source File       ; Source File            ;                                ;
; sld_hub:auto_hub               ; Auto-generated ; Post-Synthesis    ; Post-Synthesis         ; sld_hub:auto_hub               ;
; sld_signaltap:auto_signaltap_0 ; Auto-generated ; Post-Synthesis    ; Post-Synthesis         ; sld_signaltap:auto_signaltap_0 ;
; hard_block:auto_generated_inst ; Auto-generated ; Source File       ; Source File            ; hard_block:auto_generated_inst ;
+--------------------------------+----------------+-------------------+------------------------+--------------------------------+


+--------------------------------------------------------------------------------------------------------------------------------------------------------------------------------------------------------------------------------------------------------------------------------------------------+
; Connections to In-System Debugging Instance "auto_signaltap_0"                                                                                                                                                                                                                                   ;
+------------------------------------+---------------+-----------+----------------+-------------------+---------------------------+----------------------------------------------------------------------------------------------------------------------------------------------------------------+
; Name                               ; Type          ; Status    ; Partition Name ; Netlist Type Used ; Actual Connection         ; Details                                                                                                                                                        ;
+------------------------------------+---------------+-----------+----------------+-------------------+---------------------------+----------------------------------------------------------------------------------------------------------------------------------------------------------------+
; debounce:inst3|result              ; pre-synthesis ; missing   ; Top            ; post-synthesis    ; GND                       ; The name does not exist in your design or refers to an invalid hierarchy or bus element.  You may have modified your design after creating the debug instance. ;
; freqdiv:inst1|clk_signalTap        ; pre-synthesis ; connected ; Top            ; post-synthesis    ; freqdiv:inst1|tmp2        ; N/A                                                                                                                                                            ;
; clk                                ; post-fitting  ; connected ; Top            ; post-synthesis    ; clk                       ; N/A                                                                                                                                                            ;
; clk                                ; post-fitting  ; connected ; Top            ; post-synthesis    ; clk                       ; N/A                                                                                                                                                            ;
; controller:inst3|numstate          ; post-fitting  ; connected ; Top            ; post-synthesis    ; controller:inst3|numstate ; N/A                                                                                                                                                            ;
; controller:inst3|numstate          ; post-fitting  ; connected ; Top            ; post-synthesis    ; controller:inst3|numstate ; N/A                                                                                                                                                            ;
; controller:inst3|opstate.NUMBER    ; post-fitting  ; missing   ; Top            ; post-synthesis    ; GND                       ; The post-fitting netlist is not being used.  Set the partition's netlist type to source.                                                                       ;
; controller:inst3|opstate.NUMBER    ; post-fitting  ; missing   ; Top            ; post-synthesis    ; GND                       ; The post-fitting netlist is not being used.  Set the partition's netlist type to source.                                                                       ;
; controller:inst3|opstate.OPERATION ; post-fitting  ; missing   ; Top            ; post-synthesis    ; GND                       ; The post-fitting netlist is not being used.  Set the partition's netlist type to source.                                                                       ;
; controller:inst3|opstate.OPERATION ; post-fitting  ; missing   ; Top            ; post-synthesis    ; GND                       ; The post-fitting netlist is not being used.  Set the partition's netlist type to source.                                                                       ;
; controller:inst3|state.A           ; post-fitting  ; missing   ; Top            ; post-synthesis    ; GND                       ; The post-fitting netlist is not being used.  Set the partition's netlist type to source.                                                                       ;
; controller:inst3|state.A           ; post-fitting  ; missing   ; Top            ; post-synthesis    ; GND                       ; The post-fitting netlist is not being used.  Set the partition's netlist type to source.                                                                       ;
; controller:inst3|state.B           ; post-fitting  ; missing   ; Top            ; post-synthesis    ; GND                       ; The post-fitting netlist is not being used.  Set the partition's netlist type to source.                                                                       ;
; controller:inst3|state.B           ; post-fitting  ; missing   ; Top            ; post-synthesis    ; GND                       ; The post-fitting netlist is not being used.  Set the partition's netlist type to source.                                                                       ;
; controller:inst3|state.C           ; post-fitting  ; missing   ; Top            ; post-synthesis    ; GND                       ; The post-fitting netlist is not being used.  Set the partition's netlist type to source.                                                                       ;
; controller:inst3|state.C           ; post-fitting  ; missing   ; Top            ; post-synthesis    ; GND                       ; The post-fitting netlist is not being used.  Set the partition's netlist type to source.                                                                       ;
; controller:inst3|state.D           ; post-fitting  ; missing   ; Top            ; post-synthesis    ; GND                       ; The post-fitting netlist is not being used.  Set the partition's netlist type to source.                                                                       ;
; controller:inst3|state.D           ; post-fitting  ; missing   ; Top            ; post-synthesis    ; GND                       ; The post-fitting netlist is not being used.  Set the partition's netlist type to source.                                                                       ;
; controller:inst3|state.ZERO        ; post-fitting  ; missing   ; Top            ; post-synthesis    ; GND                       ; The post-fitting netlist is not being used.  Set the partition's netlist type to source.                                                                       ;
; controller:inst3|state.ZERO        ; post-fitting  ; missing   ; Top            ; post-synthesis    ; GND                       ; The post-fitting netlist is not being used.  Set the partition's netlist type to source.                                                                       ;
; rst                                ; post-fitting  ; connected ; Top            ; post-synthesis    ; rst                       ; N/A                                                                                                                                                            ;
; rst                                ; post-fitting  ; connected ; Top            ; post-synthesis    ; rst                       ; N/A                                                                                                                                                            ;
+------------------------------------+---------------+-----------+----------------+-------------------+---------------------------+----------------------------------------------------------------------------------------------------------------------------------------------------------------+


+-----------------------------------------------------------------------------------------------------------------------------------------+
; Partition Merge Partition Statistics                                                                                                    ;
+---------------------------------------------+------+------------------+--------------------------------+--------------------------------+
; Statistic                                   ; Top  ; sld_hub:auto_hub ; sld_signaltap:auto_signaltap_0 ; hard_block:auto_generated_inst ;
+---------------------------------------------+------+------------------+--------------------------------+--------------------------------+
; Estimated Total logic elements              ; 248  ; 143              ; 375                            ; 0                              ;
;                                             ;      ;                  ;                                ;                                ;
; Total combinational functions               ; 246  ; 119              ; 205                            ; 0                              ;
; Logic element usage by number of LUT inputs ;      ;                  ;                                ;                                ;
;     -- 4 input functions                    ; 107  ; 51               ; 80                             ; 0                              ;
;     -- 3 input functions                    ; 48   ; 31               ; 72                             ; 0                              ;
;     -- <=2 input functions                  ; 91   ; 37               ; 53                             ; 0                              ;
;                                             ;      ;                  ;                                ;                                ;
; Logic elements by mode                      ;      ;                  ;                                ;                                ;
;     -- normal mode                          ; 185  ; 111              ; 171                            ; 0                              ;
;     -- arithmetic mode                      ; 61   ; 8                ; 34                             ; 0                              ;
;                                             ;      ;                  ;                                ;                                ;
; Total registers                             ; 78   ; 86               ; 296                            ; 0                              ;
;     -- Dedicated logic registers            ; 78   ; 86               ; 296                            ; 0                              ;
;                                             ;      ;                  ;                                ;                                ;
; Virtual pins                                ; 0    ; 0                ; 0                              ; 0                              ;
; I/O pins                                    ; 38   ; 0                ; 0                              ; 0                              ;
; Embedded Multiplier 9-bit elements          ; 0    ; 0                ; 0                              ; 0                              ;
; Total memory bits                           ; 0    ; 0                ; 1280                           ; 0                              ;
; Total RAM block bits                        ; 0    ; 0                ; 0                              ; 0                              ;
; JTAG                                        ; 1    ; 0                ; 0                              ; 0                              ;
;                                             ;      ;                  ;                                ;                                ;
; Connections                                 ;      ;                  ;                                ;                                ;
;     -- Input Connections                    ; 1    ; 128              ; 442                            ; 0                              ;
;     -- Registered Input Connections         ; 0    ; 97               ; 315                            ; 0                              ;
;     -- Output Connections                   ; 459  ; 110              ; 2                              ; 0                              ;
;     -- Registered Output Connections        ; 176  ; 109              ; 0                              ; 0                              ;
;                                             ;      ;                  ;                                ;                                ;
; Internal Connections                        ;      ;                  ;                                ;                                ;
;     -- Total Connections                    ; 1407 ; 756              ; 1736                           ; 0                              ;
;     -- Registered Connections               ; 403  ; 538              ; 1067                           ; 0                              ;
;                                             ;      ;                  ;                                ;                                ;
; External Connections                        ;      ;                  ;                                ;                                ;
;     -- Top                                  ; 0    ; 119              ; 341                            ; 0                              ;
;     -- sld_hub:auto_hub                     ; 119  ; 16               ; 103                            ; 0                              ;
;     -- sld_signaltap:auto_signaltap_0       ; 341  ; 103              ; 0                              ; 0                              ;
;     -- hard_block:auto_generated_inst       ; 0    ; 0                ; 0                              ; 0                              ;
;                                             ;      ;                  ;                                ;                                ;
; Partition Interface                         ;      ;                  ;                                ;                                ;
;     -- Input Ports                          ; 9    ; 19               ; 77                             ; 0                              ;
;     -- Output Ports                         ; 34   ; 37               ; 30                             ; 0                              ;
;     -- Bidir Ports                          ; 0    ; 0                ; 0                              ; 0                              ;
;                                             ;      ;                  ;                                ;                                ;
; Registered Ports                            ;      ;                  ;                                ;                                ;
;     -- Registered Input Ports               ; 0    ; 4                ; 16                             ; 0                              ;
;     -- Registered Output Ports              ; 0    ; 26               ; 21                             ; 0                              ;
;                                             ;      ;                  ;                                ;                                ;
; Port Connectivity                           ;      ;                  ;                                ;                                ;
;     -- Input Ports driven by GND            ; 0    ; 1                ; 15                             ; 0                              ;
;     -- Output Ports driven by GND           ; 0    ; 1                ; 0                              ; 0                              ;
;     -- Input Ports driven by VCC            ; 0    ; 0                ; 0                              ; 0                              ;
;     -- Output Ports driven by VCC           ; 0    ; 0                ; 0                              ; 0                              ;
;     -- Input Ports with no Source           ; 0    ; 1                ; 34                             ; 0                              ;
;     -- Output Ports with no Source          ; 0    ; 0                ; 0                              ; 0                              ;
;     -- Input Ports with no Fanout           ; 0    ; 2                ; 39                             ; 0                              ;
;     -- Output Ports with no Fanout          ; 0    ; 15               ; 21                             ; 0                              ;
+---------------------------------------------+------+------------------+--------------------------------+--------------------------------+
Note: Resource usage numbers presented for Partitions containing post-synthesis logic are estimates.  For Partitions containing post-fit logic, resource usage numbers are accurate based on previous placement information.  Actual Fitter results may vary depending on current Fitter Preservation Level assignments.


+------------------------------------------------------------------------+
; Partition Merge Resource Usage Summary                                 ;
+---------------------------------------------+--------------------------+
; Resource                                    ; Usage                    ;
+---------------------------------------------+--------------------------+
; Estimated Total logic elements              ; 764                      ;
;                                             ;                          ;
; Total combinational functions               ; 570                      ;
; Logic element usage by number of LUT inputs ;                          ;
;     -- 4 input functions                    ; 238                      ;
;     -- 3 input functions                    ; 151                      ;
;     -- <=2 input functions                  ; 181                      ;
;                                             ;                          ;
; Logic elements by mode                      ;                          ;
;     -- normal mode                          ; 467                      ;
;     -- arithmetic mode                      ; 103                      ;
;                                             ;                          ;
; Total registers                             ; 460                      ;
;     -- Dedicated logic registers            ; 460                      ;
;     -- I/O registers                        ; 0                        ;
;                                             ;                          ;
; I/O pins                                    ; 38                       ;
; Total memory bits                           ; 1280                     ;
; Embedded Multiplier 9-bit elements          ; 0                        ;
; Maximum fan-out node                        ; altera_internal_jtag~TDO ;
; Maximum fan-out                             ; 250                      ;
; Total fan-out                               ; 3314                     ;
; Average fan-out                             ; 3.06                     ;
+---------------------------------------------+--------------------------+


+-----------------------------------------------------------------------------------------------------------------------------------------------------------------------------------------------------------------------------------------------------------------------------------------------------------+
; Partition Merge RAM Summary                                                                                                                                                                                                                                                                               ;
+-------------------------------------------------------------------------------------------------------------------------------------------------------------------------------------------------------+------+------------------+--------------+--------------+--------------+--------------+------+------+
; Name                                                                                                                                                                                                  ; Type ; Mode             ; Port A Depth ; Port A Width ; Port B Depth ; Port B Width ; Size ; MIF  ;
+-------------------------------------------------------------------------------------------------------------------------------------------------------------------------------------------------------+------+------------------+--------------+--------------+--------------+--------------+------+------+
; sld_signaltap:auto_signaltap_0|sld_signaltap_impl:sld_signaltap_body|sld_signaltap_implb:sld_signaltap_body|altsyncram:\stp_non_zero_ram_gen:stp_buffer_ram|altsyncram_gp14:auto_generated|ALTSYNCRAM ; AUTO ; Simple Dual Port ; 128          ; 10           ; 128          ; 10           ; 1280 ; None ;
+-------------------------------------------------------------------------------------------------------------------------------------------------------------------------------------------------------+------+------------------+--------------+--------------+--------------+--------------+------+------+


+--------------------------+
; Partition Merge Messages ;
+--------------------------+
Info: *******************************************************************
Info: Running Quartus II 64-Bit Partition Merge
    Info: Version 13.0.1 Build 232 06/12/2013 Service Pack 1 SJ Web Edition
    Info: Processing started: Wed Apr 17 00:21:18 2019
Info: Command: quartus_cdb --read_settings_files=off --write_settings_files=off calculator -c calculator --merge=on
Info (35007): Using synthesis netlist for partition "Top"
Info (35007): Using synthesis netlist for partition "sld_hub:auto_hub"
Info (35007): Using synthesis netlist for partition "sld_signaltap:auto_signaltap_0"
Critical Warning (35025): Partially connected in-system debug instance "auto_signaltap_0" to 7 of its 22 required data inputs, trigger inputs, acquisition clocks, and dynamic pins.  There were 0 illegal, 0 inaccessible, and 15 missing sources or connections.
Info (35002): Resolved and merged 3 partition(s)
Info (16010): Generating hard_block partition "hard_block:auto_generated_inst"
    Info (16011): Adding 0 node(s), including 0 DDIO, 0 PLL, 0 transceiver and 0 LCELL
Info (21057): Implemented 829 device resources after synthesis - the final resource count might be different
    Info (21058): Implemented 9 input pins
    Info (21059): Implemented 33 output pins
    Info (21061): Implemented 776 logic cells
    Info (21064): Implemented 10 RAM segments
Info: Quartus II 64-Bit Partition Merge was successful. 0 errors, 1 warning
    Info: Peak virtual memory: 4645 megabytes
    Info: Processing ended: Wed Apr 17 00:21:19 2019
    Info: Elapsed time: 00:00:01
    Info: Total CPU time (on all processors): 00:00:01


